<?xml version="1.0" encoding="UTF-8"?>
<!-- Generated by org.testng.reporters.JUnitReportReporter -->
<testsuite hostname="Rathik" failures="0" tests="1" name="runners.TestRunner" time="52.032" errors="0" timestamp="2025-04-03T23:30:20 IST" skipped="0">
  <testcase classname="runners.TestRunner" name="runScenario" time="52.032"/>
  <system-out>
    <![CDATA[Application Lauched
Sign In Sucessful
Intraction Sucessful with Chatbot
UI ResponseA neural network is a series of algorithms that mimics how the human brain operates.
dialogflowResponseA neural network is a series of algorithms that mimics how the human brain operates.
Trained Data is Matching]]>
  </system-out>
</testsuite> <!-- runners.TestRunner -->
